<?xml version="1.0" encoding="UTF-8"?>
<!-- Generated by org.testng.reporters.JUnitReportReporter -->
<testsuite skipped="0" hostname="DESKTOP-TUBAGFL" name="Tests.search_testcases" tests="1" failures="0" timestamp="21 Dec 2022 15:01:17 GMT" time="2.812" errors="0">
  <testcase name="valid_search_test" time="2.812" classname="Tests.search_testcases"/>
</testsuite> <!-- Tests.search_testcases -->
