<?xml version="1.0" encoding="UTF-8"?>
<!-- Generated by org.testng.reporters.JUnitReportReporter -->
<testsuite skipped="0" hostname="DESKTOP-TUBAGFL" name="Tests.cart_testcases" tests="1" failures="0" timestamp="21 Dec 2022 15:01:17 GMT" time="2.159" errors="0">
  <testcase name="valid_cart_test" time="2.159" classname="Tests.cart_testcases"/>
</testsuite> <!-- Tests.cart_testcases -->
