<?xml version="1.0" encoding="UTF-8"?>
<!-- Generated by org.testng.reporters.JUnitReportReporter -->
<testsuite skipped="0" hostname="DESKTOP-TUBAGFL" name="Tests.product_testcases" tests="1" failures="0" timestamp="21 Dec 2022 15:01:17 GMT" time="0.232" errors="0">
  <testcase name="valid_product_test" time="0.232" classname="Tests.product_testcases"/>
</testsuite> <!-- Tests.product_testcases -->
