<?xml version="1.0" encoding="UTF-8"?>
<!-- Generated by org.testng.reporters.JUnitReportReporter -->
<testsuite skipped="0" hostname="DESKTOP-TUBAGFL" name="runner.Login" tests="4" failures="0" timestamp="21 Dec 2022 15:01:17 GMT" time="4.600" errors="0">
  <testcase name="runScenario" time="1.222" classname="runner.Login"/>
  <testcase name="runScenario" time="1.120" classname="runner.Login"/>
  <testcase name="runScenario" time="1.136" classname="runner.Login"/>
  <testcase name="runScenario" time="1.122" classname="runner.Login"/>
</testsuite> <!-- runner.Login -->
